<?xml version="1.0" encoding="UTF-8"?>
<!-- Generated by org.testng.reporters.JUnitXMLReporter -->
<testsuite ignored="0" hostname="Krishnas-Air" failures="0" tests="4" name="AB" time="0.028" errors="0" timestamp="22 Aug 2022 13:04:01 GMT">
  <testcase classname="test.A" name="test1" time="0.004"/>
  <testcase classname="test.A" name="test2" time="0.001"/>
  <testcase classname="test.B$A" name="test3" time="0.001"/>
  <testcase classname="test.B$A" name="test4" time="0.003"/>
</testsuite> <!-- AB -->
