<?xml version="1.0" encoding="UTF-8"?>
<testng-results ignored="0" total="13" passed="12" failed="1" skipped="0">
  <reporter-output>
  </reporter-output>
  <suite started-at="2022-08-22T13:04:00Z" name="Suite" finished-at="2022-08-22T13:04:18Z" duration-ms="17573">
    <groups>
    </groups>
    <test started-at="2022-08-22T13:04:00Z" name="AB" finished-at="2022-08-22T13:04:01Z" duration-ms="28">
      <class name="test.B$A">
        <test-method is-config="true" signature="bt()[pri:0, instance:test.B$A@26df6e3a]" started-at="2022-08-22T09:04:00Z" name="bt" finished-at="2022-08-22T09:04:00Z" duration-ms="1" status="PASS">
          <reporter-output>
          </reporter-output>
        </test-method> <!-- bt -->
        <test-method is-config="true" signature="bc()[pri:0, instance:test.B$A@26df6e3a]" started-at="2022-08-22T09:04:01Z" name="bc" finished-at="2022-08-22T09:04:01Z" duration-ms="0" status="PASS">
          <reporter-output>
          </reporter-output>
        </test-method> <!-- bc -->
        <test-method signature="test3()[pri:0, instance:test.B$A@26df6e3a]" started-at="2022-08-22T09:04:01Z" name="test3" finished-at="2022-08-22T09:04:01Z" duration-ms="1" status="PASS">
          <reporter-output>
          </reporter-output>
        </test-method> <!-- test3 -->
        <test-method is-config="true" signature="bm()[pri:0, instance:test.B$A@26df6e3a]" started-at="2022-08-22T09:04:01Z" name="bm" finished-at="2022-08-22T09:04:01Z" duration-ms="0" status="PASS">
          <reporter-output>
          </reporter-output>
        </test-method> <!-- bm -->
        <test-method is-config="true" signature="am()[pri:0, instance:test.B$A@26df6e3a]" started-at="2022-08-22T09:04:01Z" name="am" finished-at="2022-08-22T09:04:01Z" duration-ms="1" status="PASS">
          <reporter-output>
          </reporter-output>
        </test-method> <!-- am -->
        <test-method signature="test4()[pri:0, instance:test.B$A@26df6e3a]" started-at="2022-08-22T09:04:01Z" name="test4" finished-at="2022-08-22T09:04:01Z" duration-ms="3" status="PASS">
          <reporter-output>
          </reporter-output>
        </test-method> <!-- test4 -->
        <test-method is-config="true" signature="bm()[pri:0, instance:test.B$A@26df6e3a]" started-at="2022-08-22T09:04:01Z" name="bm" finished-at="2022-08-22T09:04:01Z" duration-ms="0" status="PASS">
          <reporter-output>
          </reporter-output>
        </test-method> <!-- bm -->
        <test-method is-config="true" signature="ac()[pri:0, instance:test.B$A@26df6e3a]" started-at="2022-08-22T09:04:01Z" name="ac" finished-at="2022-08-22T09:04:01Z" duration-ms="0" status="PASS">
          <reporter-output>
          </reporter-output>
        </test-method> <!-- ac -->
        <test-method is-config="true" signature="am()[pri:0, instance:test.B$A@26df6e3a]" started-at="2022-08-22T09:04:01Z" name="am" finished-at="2022-08-22T09:04:01Z" duration-ms="0" status="PASS">
          <reporter-output>
          </reporter-output>
        </test-method> <!-- am -->
      </class> <!-- test.B$A -->
      <class name="test.A">
        <test-method is-config="true" signature="bc()[pri:0, instance:test.A@4a3631f8]" started-at="2022-08-22T09:04:00Z" name="bc" finished-at="2022-08-22T09:04:00Z" duration-ms="0" status="PASS">
          <reporter-output>
          </reporter-output>
        </test-method> <!-- bc -->
        <test-method signature="test1()[pri:0, instance:test.A@4a3631f8]" started-at="2022-08-22T09:04:01Z" name="test1" finished-at="2022-08-22T09:04:01Z" duration-ms="4" status="PASS">
          <reporter-output>
          </reporter-output>
        </test-method> <!-- test1 -->
        <test-method is-config="true" signature="bm()[pri:0, instance:test.A@4a3631f8]" started-at="2022-08-22T09:04:01Z" name="bm" finished-at="2022-08-22T09:04:01Z" duration-ms="0" status="PASS">
          <reporter-output>
          </reporter-output>
        </test-method> <!-- bm -->
        <test-method is-config="true" signature="am()[pri:0, instance:test.A@4a3631f8]" started-at="2022-08-22T09:04:01Z" name="am" finished-at="2022-08-22T09:04:01Z" duration-ms="1" status="PASS">
          <reporter-output>
          </reporter-output>
        </test-method> <!-- am -->
        <test-method signature="test2()[pri:0, instance:test.A@4a3631f8]" started-at="2022-08-22T09:04:01Z" name="test2" finished-at="2022-08-22T09:04:01Z" duration-ms="1" status="PASS">
          <reporter-output>
          </reporter-output>
        </test-method> <!-- test2 -->
        <test-method is-config="true" signature="bm()[pri:0, instance:test.A@4a3631f8]" started-at="2022-08-22T09:04:01Z" name="bm" finished-at="2022-08-22T09:04:01Z" duration-ms="0" status="PASS">
          <reporter-output>
          </reporter-output>
        </test-method> <!-- bm -->
        <test-method is-config="true" signature="am()[pri:0, instance:test.A@4a3631f8]" started-at="2022-08-22T09:04:01Z" name="am" finished-at="2022-08-22T09:04:01Z" duration-ms="1" status="PASS">
          <reporter-output>
          </reporter-output>
        </test-method> <!-- am -->
        <test-method is-config="true" signature="ac()[pri:0, instance:test.A@4a3631f8]" started-at="2022-08-22T09:04:01Z" name="ac" finished-at="2022-08-22T09:04:01Z" duration-ms="0" status="PASS">
          <reporter-output>
          </reporter-output>
        </test-method> <!-- ac -->
        <test-method is-config="true" signature="at()[pri:0, instance:test.A@4a3631f8]" started-at="2022-08-22T09:04:01Z" name="at" finished-at="2022-08-22T09:04:01Z" duration-ms="1" status="PASS">
          <reporter-output>
          </reporter-output>
        </test-method> <!-- at -->
      </class> <!-- test.A -->
    </test> <!-- AB -->
    <test started-at="2022-08-22T13:04:01Z" name="CD" finished-at="2022-08-22T13:04:01Z" duration-ms="20">
      <class name="test.C">
        <test-method is-config="true" signature="bc()[pri:0, instance:test.C@6e15fe2]" started-at="2022-08-22T09:04:01Z" name="bc" finished-at="2022-08-22T09:04:01Z" duration-ms="0" status="PASS">
          <reporter-output>
          </reporter-output>
        </test-method> <!-- bc -->
        <test-method is-config="true" signature="bm()[pri:0, instance:test.C@6e15fe2]" started-at="2022-08-22T09:04:01Z" name="bm" finished-at="2022-08-22T09:04:01Z" duration-ms="1" status="PASS">
          <reporter-output>
          </reporter-output>
        </test-method> <!-- bm -->
        <test-method signature="test4()[pri:0, instance:test.C@6e15fe2]" started-at="2022-08-22T09:04:01Z" name="test4" finished-at="2022-08-22T09:04:01Z" duration-ms="4" status="PASS">
          <reporter-output>
          </reporter-output>
        </test-method> <!-- test4 -->
        <test-method is-config="true" signature="bm()[pri:0, instance:test.C@6e15fe2]" started-at="2022-08-22T09:04:01Z" name="bm" finished-at="2022-08-22T09:04:01Z" duration-ms="0" status="PASS">
          <reporter-output>
          </reporter-output>
        </test-method> <!-- bm -->
        <test-method is-config="true" signature="am()[pri:0, instance:test.C@6e15fe2]" started-at="2022-08-22T09:04:01Z" name="am" finished-at="2022-08-22T09:04:01Z" duration-ms="0" status="PASS">
          <reporter-output>
          </reporter-output>
        </test-method> <!-- am -->
        <test-method signature="test5()[pri:0, instance:test.C@6e15fe2]" started-at="2022-08-22T09:04:01Z" name="test5" finished-at="2022-08-22T09:04:01Z" duration-ms="1" status="PASS">
          <reporter-output>
          </reporter-output>
        </test-method> <!-- test5 -->
        <test-method is-config="true" signature="ac()[pri:0, instance:test.C@6e15fe2]" started-at="2022-08-22T09:04:01Z" name="ac" finished-at="2022-08-22T09:04:01Z" duration-ms="0" status="PASS">
          <reporter-output>
          </reporter-output>
        </test-method> <!-- ac -->
        <test-method is-config="true" signature="am()[pri:0, instance:test.C@6e15fe2]" started-at="2022-08-22T09:04:01Z" name="am" finished-at="2022-08-22T09:04:01Z" duration-ms="0" status="PASS">
          <reporter-output>
          </reporter-output>
        </test-method> <!-- am -->
        <test-method is-config="true" signature="at()[pri:0, instance:test.C@6e15fe2]" started-at="2022-08-22T09:04:01Z" name="at" finished-at="2022-08-22T09:04:01Z" duration-ms="0" status="PASS">
          <reporter-output>
          </reporter-output>
        </test-method> <!-- at -->
      </class> <!-- test.C -->
      <class name="test.D">
        <test-method is-config="true" signature="bt()[pri:0, instance:test.D@14fa86ae]" started-at="2022-08-22T09:04:01Z" name="bt" finished-at="2022-08-22T09:04:01Z" duration-ms="1" status="PASS">
          <reporter-output>
          </reporter-output>
        </test-method> <!-- bt -->
        <test-method is-config="true" signature="bc()[pri:0, instance:test.D@14fa86ae]" started-at="2022-08-22T09:04:01Z" name="bc" finished-at="2022-08-22T09:04:01Z" duration-ms="0" status="PASS">
          <reporter-output>
          </reporter-output>
        </test-method> <!-- bc -->
        <test-method is-config="true" signature="bm()[pri:0, instance:test.D@14fa86ae]" started-at="2022-08-22T09:04:01Z" name="bm" finished-at="2022-08-22T09:04:01Z" duration-ms="1" status="PASS">
          <reporter-output>
          </reporter-output>
        </test-method> <!-- bm -->
        <test-method signature="test7()[pri:0, instance:test.D@14fa86ae]" started-at="2022-08-22T09:04:01Z" name="test7" finished-at="2022-08-22T09:04:01Z" duration-ms="1" status="PASS">
          <reporter-output>
          </reporter-output>
        </test-method> <!-- test7 -->
        <test-method is-config="true" signature="am()[pri:0, instance:test.D@14fa86ae]" started-at="2022-08-22T09:04:01Z" name="am" finished-at="2022-08-22T09:04:01Z" duration-ms="1" status="PASS">
          <reporter-output>
          </reporter-output>
        </test-method> <!-- am -->
        <test-method is-config="true" signature="bm()[pri:0, instance:test.D@14fa86ae]" started-at="2022-08-22T09:04:01Z" name="bm" finished-at="2022-08-22T09:04:01Z" duration-ms="0" status="PASS">
          <reporter-output>
          </reporter-output>
        </test-method> <!-- bm -->
        <test-method is-config="true" signature="am()[pri:0, instance:test.D@14fa86ae]" started-at="2022-08-22T09:04:01Z" name="am" finished-at="2022-08-22T09:04:01Z" duration-ms="0" status="PASS">
          <reporter-output>
          </reporter-output>
        </test-method> <!-- am -->
        <test-method signature="test8()[pri:0, instance:test.D@14fa86ae]" started-at="2022-08-22T09:04:01Z" name="test8" finished-at="2022-08-22T09:04:01Z" duration-ms="0" status="PASS">
          <reporter-output>
          </reporter-output>
        </test-method> <!-- test8 -->
        <test-method is-config="true" signature="ac()[pri:0, instance:test.D@14fa86ae]" started-at="2022-08-22T09:04:01Z" name="ac" finished-at="2022-08-22T09:04:01Z" duration-ms="0" status="PASS">
          <reporter-output>
          </reporter-output>
        </test-method> <!-- ac -->
      </class> <!-- test.D -->
    </test> <!-- CD -->
    <test started-at="2022-08-22T13:04:01Z" name="practice.xml" finished-at="2022-08-22T13:04:18Z" duration-ms="17411">
      <class name="test.A">
        <test-method is-config="true" signature="as()[pri:0, instance:test.A@4a3631f8]" started-at="2022-08-22T09:04:18Z" name="as" finished-at="2022-08-22T09:04:18Z" duration-ms="0" status="PASS">
          <reporter-output>
          </reporter-output>
        </test-method> <!-- as -->
        <test-method is-config="true" signature="closeBrowser()[pri:0, instance:test_Naveen.TestNG_Basics@31920ade]" started-at="2022-08-22T09:04:18Z" name="closeBrowser" finished-at="2022-08-22T09:04:18Z" duration-ms="0" status="PASS">
          <reporter-output>
          </reporter-output>
        </test-method> <!-- closeBrowser -->
      </class> <!-- test.A -->
      <class name="test_Naveen.TestNG_Basics">
        <test-method is-config="true" signature="launchBrowser()[pri:0, instance:test_Naveen.TestNG_Basics@31920ade]" started-at="2022-08-22T09:04:01Z" name="launchBrowser" finished-at="2022-08-22T09:04:01Z" duration-ms="1" status="PASS">
          <reporter-output>
          </reporter-output>
        </test-method> <!-- launchBrowser -->
        <test-method signature="fbTittleTest()[pri:0, instance:test_Naveen.TestNG_Basics@31920ade]" started-at="2022-08-22T09:04:18Z" name="fbTittleTest" finished-at="2022-08-22T09:04:18Z" duration-ms="2" status="PASS">
          <reporter-output>
          </reporter-output>
        </test-method> <!-- fbTittleTest -->
        <test-method is-config="true" signature="enterURL()[pri:0, instance:test_Naveen.TestNG_Basics@31920ade]" started-at="2022-08-22T09:04:18Z" name="enterURL" finished-at="2022-08-22T09:04:18Z" duration-ms="0" status="PASS">
          <reporter-output>
          </reporter-output>
        </test-method> <!-- enterURL -->
        <test-method is-config="true" signature="lonin()[pri:0, instance:test_Naveen.TestNG_Basics@31920ade]" started-at="2022-08-22T09:04:18Z" name="lonin" finished-at="2022-08-22T09:04:18Z" duration-ms="0" status="PASS">
          <reporter-output>
          </reporter-output>
        </test-method> <!-- lonin -->
        <test-method is-config="true" signature="enterURL()[pri:0, instance:test_Naveen.TestNG_Basics@31920ade]" started-at="2022-08-22T09:04:18Z" name="enterURL" finished-at="2022-08-22T09:04:18Z" duration-ms="0" status="PASS">
          <reporter-output>
          </reporter-output>
        </test-method> <!-- enterURL -->
        <test-method signature="googleTittleTest()[pri:0, instance:test_Naveen.TestNG_Basics@31920ade]" started-at="2022-08-22T09:04:18Z" name="googleTittleTest" finished-at="2022-08-22T09:04:18Z" duration-ms="0" status="PASS">
          <reporter-output>
          </reporter-output>
        </test-method> <!-- googleTittleTest -->
        <test-method is-config="true" signature="logOut()[pri:0, instance:test_Naveen.TestNG_Basics@31920ade]" started-at="2022-08-22T09:04:18Z" name="logOut" finished-at="2022-08-22T09:04:18Z" duration-ms="0" status="PASS">
          <reporter-output>
          </reporter-output>
        </test-method> <!-- logOut -->
        <test-method is-config="true" signature="logOut()[pri:0, instance:test_Naveen.TestNG_Basics@31920ade]" started-at="2022-08-22T09:04:18Z" name="logOut" finished-at="2022-08-22T09:04:18Z" duration-ms="0" status="PASS">
          <reporter-output>
          </reporter-output>
        </test-method> <!-- logOut -->
        <test-method is-config="true" signature="deleteAllCookies()[pri:0, instance:test_Naveen.TestNG_Basics@31920ade]" started-at="2022-08-22T09:04:18Z" name="deleteAllCookies" finished-at="2022-08-22T09:04:18Z" duration-ms="0" status="PASS">
          <reporter-output>
          </reporter-output>
        </test-method> <!-- deleteAllCookies -->
        <test-method is-config="true" signature="closeURL()[pri:0, instance:test_Naveen.TestNG_Basics@31920ade]" started-at="2022-08-22T09:04:18Z" name="closeURL" finished-at="2022-08-22T09:04:18Z" duration-ms="0" status="PASS">
          <reporter-output>
          </reporter-output>
        </test-method> <!-- closeURL -->
      </class> <!-- test_Naveen.TestNG_Basics -->
      <class name="test_Naveen.Googe_Test">
        <test-method is-config="true" signature="setUp()[pri:0, instance:test_Naveen.Googe_Test@1d483de4]" started-at="2022-08-22T09:04:01Z" name="setUp" finished-at="2022-08-22T09:04:07Z" duration-ms="5878" status="PASS">
          <reporter-output>
          </reporter-output>
        </test-method> <!-- setUp -->
        <test-method signature="googleTitleTest()[pri:0, instance:test_Naveen.Googe_Test@1d483de4]" started-at="2022-08-22T09:04:07Z" name="googleTitleTest" finished-at="2022-08-22T09:04:07Z" duration-ms="81" status="PASS">
          <reporter-output>
          </reporter-output>
        </test-method> <!-- googleTitleTest -->
        <test-method is-config="true" signature="tearDown()[pri:0, instance:test_Naveen.Googe_Test@1d483de4]" started-at="2022-08-22T09:04:07Z" name="tearDown" finished-at="2022-08-22T09:04:07Z" duration-ms="78" status="PASS">
          <reporter-output>
          </reporter-output>
        </test-method> <!-- tearDown -->
        <test-method is-config="true" signature="setUp()[pri:0, instance:test_Naveen.Googe_Test@1d483de4]" started-at="2022-08-22T09:04:07Z" name="setUp" finished-at="2022-08-22T09:04:12Z" duration-ms="5418" status="PASS">
          <reporter-output>
          </reporter-output>
        </test-method> <!-- setUp -->
        <test-method signature="googlelogoTest()[pri:0, instance:test_Naveen.Googe_Test@1d483de4]" started-at="2022-08-22T09:04:12Z" name="googlelogoTest" finished-at="2022-08-22T09:04:12Z" duration-ms="201" status="FAIL">
          <exception class="org.openqa.selenium.InvalidSelectorException">
            <message>
              <![CDATA[invalid selector: Unable to locate an element with the xpath expression  because of the following error:
SyntaxError: Failed to execute 'evaluate' on 'Document': The string '' is not a valid XPath expression.
  (Session info: chrome=104.0.5112.101)
  (Driver info: chromedriver=103.0.5060.53 (a1711811edd74ff1cf2150f36ffa3b0dae40b17f-refs/branch-heads/5060@{#853}),platform=Mac OS X 12.5.0 arm64) (WARNING: The server did not provide any stacktrace information)
Command duration or timeout: 196 milliseconds
For documentation on this error, please visit: http://seleniumhq.org/exceptions/invalid_selector_exception.html
Build info: version: '2.53.0', revision: '35ae25b1534ae328c771e0856c93e187490ca824', time: '2016-03-15 10:43:46'
System info: host: 'Krishnas-Air', ip: '192.168.1.201', os.name: 'Mac OS X', os.arch: 'x86_64', os.version: '12.5', java.version: '11.0.14'
Driver info: org.openqa.selenium.chrome.ChromeDriver
Capabilities [{mobileEmulationEnabled=false, timeouts={implicit=0, pageLoad=300000, script=30000}, hasTouchScreen=false, platform=MAC, acceptSslCerts=false, goog:chromeOptions={debuggerAddress=localhost:49360}, webauthn:extension:credBlob=true, acceptInsecureCerts=false, webStorageEnabled=true, browserName=chrome, takesScreenshot=true, javascriptEnabled=true, setWindowRect=true, webauthn:extension:largeBlob=true, unexpectedAlertBehaviour=ignore, rotatable=false, networkConnectionEnabled=false, chrome={chromedriverVersion=103.0.5060.53 (a1711811edd74ff1cf2150f36ffa3b0dae40b17f-refs/branch-heads/5060@{#853}), userDataDir=/var/folders/3n/z86wgczj79bbjl_c8dndmn2r0000gn/T/.com.google.Chrome.YqaHSi}, takesHeapSnapshot=true, pageLoadStrategy=normal, strictFileInteractability=false, databaseEnabled=false, handlesAlerts=true, version=104.0.5112.101, browserConnectionEnabled=false, proxy={}, nativeEvents=true, locationContextEnabled=true, cssSelectorsEnabled=true, webauthn:virtualAuthenticators=true}]
Session ID: 5763284dea0e0479bf443034088c9cac
*** Element info: {Using=xpath, value=}]]>
            </message>
            <full-stacktrace>
              <![CDATA[org.openqa.selenium.InvalidSelectorException: invalid selector: Unable to locate an element with the xpath expression  because of the following error:
SyntaxError: Failed to execute 'evaluate' on 'Document': The string '' is not a valid XPath expression.
  (Session info: chrome=104.0.5112.101)
  (Driver info: chromedriver=103.0.5060.53 (a1711811edd74ff1cf2150f36ffa3b0dae40b17f-refs/branch-heads/5060@{#853}),platform=Mac OS X 12.5.0 arm64) (WARNING: The server did not provide any stacktrace information)
Command duration or timeout: 196 milliseconds
For documentation on this error, please visit: http://seleniumhq.org/exceptions/invalid_selector_exception.html
Build info: version: '2.53.0', revision: '35ae25b1534ae328c771e0856c93e187490ca824', time: '2016-03-15 10:43:46'
System info: host: 'Krishnas-Air', ip: '192.168.1.201', os.name: 'Mac OS X', os.arch: 'x86_64', os.version: '12.5', java.version: '11.0.14'
Driver info: org.openqa.selenium.chrome.ChromeDriver
Capabilities [{mobileEmulationEnabled=false, timeouts={implicit=0, pageLoad=300000, script=30000}, hasTouchScreen=false, platform=MAC, acceptSslCerts=false, goog:chromeOptions={debuggerAddress=localhost:49360}, webauthn:extension:credBlob=true, acceptInsecureCerts=false, webStorageEnabled=true, browserName=chrome, takesScreenshot=true, javascriptEnabled=true, setWindowRect=true, webauthn:extension:largeBlob=true, unexpectedAlertBehaviour=ignore, rotatable=false, networkConnectionEnabled=false, chrome={chromedriverVersion=103.0.5060.53 (a1711811edd74ff1cf2150f36ffa3b0dae40b17f-refs/branch-heads/5060@{#853}), userDataDir=/var/folders/3n/z86wgczj79bbjl_c8dndmn2r0000gn/T/.com.google.Chrome.YqaHSi}, takesHeapSnapshot=true, pageLoadStrategy=normal, strictFileInteractability=false, databaseEnabled=false, handlesAlerts=true, version=104.0.5112.101, browserConnectionEnabled=false, proxy={}, nativeEvents=true, locationContextEnabled=true, cssSelectorsEnabled=true, webauthn:virtualAuthenticators=true}]
Session ID: 5763284dea0e0479bf443034088c9cac
*** Element info: {Using=xpath, value=}
	at java.base/jdk.internal.reflect.NativeConstructorAccessorImpl.newInstance0(Native Method)
	at java.base/jdk.internal.reflect.NativeConstructorAccessorImpl.newInstance(NativeConstructorAccessorImpl.java:62)
	at java.base/jdk.internal.reflect.DelegatingConstructorAccessorImpl.newInstance(DelegatingConstructorAccessorImpl.java:45)
	at java.base/java.lang.reflect.Constructor.newInstance(Constructor.java:490)
	at org.openqa.selenium.remote.ErrorHandler.createThrowable(ErrorHandler.java:206)
	at org.openqa.selenium.remote.ErrorHandler.throwIfResponseFailed(ErrorHandler.java:158)
	at org.openqa.selenium.remote.RemoteWebDriver.execute(RemoteWebDriver.java:678)
	at org.openqa.selenium.remote.RemoteWebDriver.findElement(RemoteWebDriver.java:363)
	at org.openqa.selenium.remote.RemoteWebDriver.findElementByXPath(RemoteWebDriver.java:500)
	at org.openqa.selenium.By$ByXPath.findElement(By.java:361)
	at org.openqa.selenium.remote.RemoteWebDriver.findElement(RemoteWebDriver.java:355)
	at test_Naveen.Googe_Test.googlelogoTest(Googe_Test.java:36)
	at java.base/jdk.internal.reflect.NativeMethodAccessorImpl.invoke0(Native Method)
	at java.base/jdk.internal.reflect.NativeMethodAccessorImpl.invoke(NativeMethodAccessorImpl.java:62)
	at java.base/jdk.internal.reflect.DelegatingMethodAccessorImpl.invoke(DelegatingMethodAccessorImpl.java:43)
	at java.base/java.lang.reflect.Method.invoke(Method.java:566)
	at org.testng.internal.MethodInvocationHelper.invokeMethod(MethodInvocationHelper.java:104)
	at org.testng.internal.Invoker.invokeMethod(Invoker.java:645)
	at org.testng.internal.Invoker.invokeTestMethod(Invoker.java:851)
	at org.testng.internal.Invoker.invokeTestMethods(Invoker.java:1177)
	at org.testng.internal.TestMethodWorker.invokeTestMethods(TestMethodWorker.java:129)
	at org.testng.internal.TestMethodWorker.run(TestMethodWorker.java:112)
	at org.testng.TestRunner.privateRun(TestRunner.java:756)
	at org.testng.TestRunner.run(TestRunner.java:610)
	at org.testng.SuiteRunner.runTest(SuiteRunner.java:387)
	at org.testng.SuiteRunner.runSequentially(SuiteRunner.java:382)
	at org.testng.SuiteRunner.privateRun(SuiteRunner.java:340)
	at org.testng.SuiteRunner.run(SuiteRunner.java:289)
	at org.testng.SuiteRunnerWorker.runSuite(SuiteRunnerWorker.java:52)
	at org.testng.SuiteRunnerWorker.run(SuiteRunnerWorker.java:86)
	at org.testng.TestNG.runSuitesSequentially(TestNG.java:1293)
	at org.testng.TestNG.runSuitesLocally(TestNG.java:1218)
	at org.testng.TestNG.runSuites(TestNG.java:1133)
	at org.testng.TestNG.run(TestNG.java:1104)
	at org.testng.remote.AbstractRemoteTestNG.run(AbstractRemoteTestNG.java:115)
	at org.testng.remote.RemoteTestNG.initAndRun(RemoteTestNG.java:251)
	at org.testng.remote.RemoteTestNG.main(RemoteTestNG.java:77)
]]>
            </full-stacktrace>
          </exception> <!-- org.openqa.selenium.InvalidSelectorException -->
          <reporter-output>
          </reporter-output>
        </test-method> <!-- googlelogoTest -->
        <test-method is-config="true" signature="tearDown()[pri:0, instance:test_Naveen.Googe_Test@1d483de4]" started-at="2022-08-22T09:04:12Z" name="tearDown" finished-at="2022-08-22T09:04:12Z" duration-ms="76" status="PASS">
          <reporter-output>
          </reporter-output>
        </test-method> <!-- tearDown -->
        <test-method is-config="true" signature="setUp()[pri:0, instance:test_Naveen.Googe_Test@1d483de4]" started-at="2022-08-22T09:04:12Z" name="setUp" finished-at="2022-08-22T09:04:18Z" duration-ms="5397" status="PASS">
          <reporter-output>
          </reporter-output>
        </test-method> <!-- setUp -->
        <test-method signature="mailLinkCheck()[pri:0, instance:test_Naveen.Googe_Test@1d483de4]" started-at="2022-08-22T09:04:18Z" name="mailLinkCheck" finished-at="2022-08-22T09:04:18Z" duration-ms="179" status="PASS">
          <reporter-output>
          </reporter-output>
        </test-method> <!-- mailLinkCheck -->
        <test-method is-config="true" signature="tearDown()[pri:0, instance:test_Naveen.Googe_Test@1d483de4]" started-at="2022-08-22T09:04:18Z" name="tearDown" finished-at="2022-08-22T09:04:18Z" duration-ms="78" status="PASS">
          <reporter-output>
          </reporter-output>
        </test-method> <!-- tearDown -->
      </class> <!-- test_Naveen.Googe_Test -->
      <class name="test.D">
        <test-method is-config="true" signature="bs()[pri:0, instance:test.D@14fa86ae]" started-at="2022-08-22T09:04:00Z" name="bs" finished-at="2022-08-22T09:04:00Z" duration-ms="7" status="PASS">
          <reporter-output>
          </reporter-output>
        </test-method> <!-- bs -->
        <test-method is-config="true" signature="Setup()[pri:0, instance:test_Naveen.TestNG_Basics@31920ade]" started-at="2022-08-22T09:04:00Z" name="Setup" finished-at="2022-08-22T09:04:00Z" duration-ms="3" status="PASS">
          <reporter-output>
          </reporter-output>
        </test-method> <!-- Setup -->
      </class> <!-- test.D -->
    </test> <!-- practice.xml -->
  </suite> <!-- Suite -->
</testng-results>
